2025-12-15 14:23:32,856 [MainThread] [INFO] [main] Processing vCenter: cu-vcenter.clemson.edu
2025-12-15 14:23:32,925 [MainThread] [INFO] [process_vmware_data] Processing vCenter: cu-vcenter.clemson.edu
2025-12-15 14:23:33,886 [MainThread] [INFO] [fetch_tags] Processed Tags
2025-12-15 14:23:33,890 [MainThread] [INFO] [fetch_vmware_data] Fetching Network Info for 'vim.HostSystem:host-12600'
2025-12-15 14:23:34,637 [MainThread] [INFO] [fetch_vmware_data] Fetching VMs for 'vim.HostSystem:host-12600'
2025-12-15 14:23:34,644 [MainThread] [INFO] [fetch_vmware_data] Fetching Network Info for 'vim.VirtualMachine:vm-2718'
2025-12-15 14:23:34,722 [MainThread] [INFO] [fetch_vmware_data] Fetching Network Info for 'vim.VirtualMachine:vm-285855'
2025-12-15 14:23:34,833 [MainThread] [INFO] [fetch_vmware_data] Fetching Network Info for 'vim.VirtualMachine:vm-37071'
2025-12-15 14:23:34,972 [MainThread] [INFO] [fetch_vmware_data] Fetching Network Info for 'vim.VirtualMachine:vm-213193'
2025-12-15 14:23:35,008 [MainThread] [INFO] [fetch_vmware_data] Fetching Network Info for 'vim.VirtualMachine:vm-279473'
2025-12-15 14:23:35,121 [MainThread] [INFO] [fetch_vmware_data] Fetching Network Info for 'vim.VirtualMachine:vm-279474'
2025-12-15 14:23:35,214 [MainThread] [INFO] [fetch_vmware_data] Fetching Network Info for 'vim.HostSystem:host-12610'
2025-12-15 14:23:35,954 [MainThread] [INFO] [fetch_vmware_data] Fetching VMs for 'vim.HostSystem:host-12610'
2025-12-15 14:23:35,961 [MainThread] [INFO] [fetch_vmware_data] Fetching Network Info for 'vim.VirtualMachine:vm-3736'
2025-12-15 14:23:36,007 [MainThread] [INFO] [fetch_vmware_data] Fetching Network Info for 'vim.VirtualMachine:vm-213190'
2025-12-15 14:23:36,040 [MainThread] [INFO] [fetch_vmware_data] Fetching Network Info for 'vim.VirtualMachine:vm-398355'
2025-12-15 14:23:36,125 [MainThread] [INFO] [fetch_vmware_data] Fetching Network Info for 'vim.VirtualMachine:vm-10913'
2025-12-15 14:23:36,164 [MainThread] [INFO] [fetch_vmware_data] Fetching Network Info for 'vim.VirtualMachine:vm-64067'
2025-12-15 14:23:36,220 [MainThread] [INFO] [fetch_vmware_data] Fetching Network Info for 'vim.VirtualMachine:vm-37070'
2025-12-15 14:23:36,361 [MainThread] [INFO] [fetch_vmware_data] Fetching Network Info for 'vim.VirtualMachine:vm-11451'
2025-12-15 14:23:36,407 [MainThread] [INFO] [fetch_vmware_data] Fetching Network Info for 'vim.VirtualMachine:vm-6171'
2025-12-15 14:23:36,454 [MainThread] [INFO] [fetch_vmware_data] Fetching Network Info for 'vim.VirtualMachine:vm-306'
2025-12-15 14:23:36,502 [MainThread] [INFO] [fetch_vmware_data] Fetching Network Info for 'vim.VirtualMachine:vm-304'
2025-12-15 14:23:36,620 [MainThread] [INFO] [fetch_vmware_data] Fetching Network Info for 'vim.HostSystem:host-7958'
2025-12-15 14:23:39,816 [MainThread] [INFO] [fetch_vmware_data] Fetching VMs for 'vim.HostSystem:host-7958'
2025-12-15 14:23:39,825 [MainThread] [INFO] [fetch_vmware_data] Fetching Network Info for 'vim.VirtualMachine:vm-277060'
2025-12-15 14:23:39,881 [MainThread] [INFO] [fetch_vmware_data] Fetching Network Info for 'vim.VirtualMachine:vm-272605'
2025-12-15 14:23:39,930 [MainThread] [INFO] [fetch_vmware_data] Fetching Network Info for 'vim.VirtualMachine:vm-11302'
2025-12-15 14:23:39,991 [MainThread] [INFO] [fetch_vmware_data] Fetching Network Info for 'vim.VirtualMachine:vm-4909'
2025-12-15 14:23:40,043 [MainThread] [INFO] [fetch_vmware_data] Fetching Network Info for 'vim.VirtualMachine:vm-19393'
2025-12-15 14:23:40,090 [MainThread] [INFO] [fetch_vmware_data] Fetching Network Info for 'vim.VirtualMachine:vm-1241'
2025-12-15 14:23:40,111 [MainThread] [INFO] [fetch_vmware_data] Fetching Network Info for 'vim.VirtualMachine:vm-11307'
2025-12-15 14:23:40,153 [MainThread] [INFO] [fetch_vmware_data] Fetching Network Info for 'vim.VirtualMachine:vm-4028'
2025-12-15 14:23:40,196 [MainThread] [INFO] [fetch_vmware_data] Fetching Network Info for 'vim.VirtualMachine:vm-18397'
2025-12-15 14:23:40,254 [MainThread] [INFO] [fetch_vmware_data] Fetching Network Info for 'vim.VirtualMachine:vm-1655'
2025-12-15 14:23:40,294 [MainThread] [INFO] [fetch_vmware_data] Fetching Network Info for 'vim.VirtualMachine:vm-6719'
2025-12-15 14:23:40,360 [MainThread] [INFO] [fetch_vmware_data] Fetching Network Info for 'vim.VirtualMachine:vm-1668'
2025-12-15 14:23:40,381 [MainThread] [INFO] [fetch_vmware_data] Fetching Network Info for 'vim.VirtualMachine:vm-6783'
2025-12-15 14:23:40,442 [MainThread] [INFO] [fetch_vmware_data] Fetching Network Info for 'vim.VirtualMachine:vm-349593'
2025-12-15 14:23:40,518 [MainThread] [INFO] [fetch_vmware_data] Fetching Network Info for 'vim.VirtualMachine:vm-198052'
2025-12-15 14:23:40,559 [MainThread] [INFO] [fetch_vmware_data] Fetching Network Info for 'vim.VirtualMachine:vm-10904'
2025-12-15 14:23:40,590 [MainThread] [INFO] [fetch_vmware_data] Fetching Network Info for 'vim.VirtualMachine:vm-178702'
2025-12-15 14:23:40,638 [MainThread] [INFO] [fetch_vmware_data] Fetching Network Info for 'vim.VirtualMachine:vm-3889'
2025-12-15 14:23:40,692 [MainThread] [INFO] [fetch_vmware_data] Fetching Network Info for 'vim.VirtualMachine:vm-9166'
2025-12-15 14:23:40,747 [MainThread] [INFO] [fetch_vmware_data] Fetching Network Info for 'vim.VirtualMachine:vm-468096'
2025-12-15 14:23:40,786 [MainThread] [INFO] [fetch_vmware_data] Fetching Network Info for 'vim.VirtualMachine:vm-1020'
